  .   ____          _            __ _ _
 /\\ / ___'_ __ _ _(_)_ __  __ _ \ \ \ \
( ( )\___ | '_ | '_| | '_ \/ _` | \ \ \ \
 \\/  ___)| |_)| | | | | || (_| |  ) ) ) )
  '  |____| .__|_| |_|_| |_\__, | / / / /
 =========|_|==============|___/=/_/_/_/

 :: Spring Boot ::                (v3.3.0)

2026-06-13T06:50:04.617-07:00  INFO 14964 --- [           main] c.touroperator.TourOperatorApplication   : Starting TourOperatorApplication v1.0.0 using Java 17.0.12 with PID 14964 (E:\Project Zod\tour-operator-backend\target\tour-operator-backend-1.0.0.jar started by Dell in E:\Project Zod\tour-operator-backend)
2026-06-13T06:50:04.632-07:00  INFO 14964 --- [           main] c.touroperator.TourOperatorApplication   : No active profile set, falling back to 1 default profile: "default"
2026-06-13T06:50:06.316-07:00  INFO 14964 --- [           main] o.s.b.w.embedded.tomcat.TomcatWebServer  : Tomcat initialized with port 8080 (http)
2026-06-13T06:50:06.375-07:00  INFO 14964 --- [           main] o.apache.catalina.core.StandardService   : Starting service [Tomcat]
2026-06-13T06:50:06.376-07:00  INFO 14964 --- [           main] o.apache.catalina.core.StandardEngine    : Starting Servlet engine: [Apache Tomcat/10.1.24]
2026-06-13T06:50:06.466-07:00  INFO 14964 --- [           main] o.a.c.c.C.[Tomcat].[localhost].[/]       : Initializing Spring embedded WebApplicationContext
2026-06-13T06:50:06.468-07:00  INFO 14964 --- [           main] w.s.c.ServletWebServerApplicationContext : Root WebApplicationContext: initialization completed in 1716 ms
2026-06-13T06:50:06.671-07:00  WARN 14964 --- [           main] .s.s.UserDetailsServiceAutoConfiguration : 

Using generated security password: ec751d8f-be14-4d20-95c7-e452beaea683

This generated password is for development use only. Your security configuration must be updated before running your application in production.

2026-06-13T06:50:06.744-07:00  INFO 14964 --- [           main] r$InitializeUserDetailsManagerConfigurer : Global AuthenticationManager configured with UserDetailsService bean with name inMemoryUserDetailsManager
2026-06-13T06:50:07.139-07:00  INFO 14964 --- [           main] o.s.s.web.DefaultSecurityFilterChain     : Will secure any request with [org.springframework.security.web.session.DisableEncodeUrlFilter@161aa04a, org.springframework.security.web.context.request.async.WebAsyncManagerIntegrationFilter@436bd4df, org.springframework.security.web.context.SecurityContextHolderFilter@3d19d85, org.springframework.security.web.header.HeaderWriterFilter@6419a0e1, org.springframework.web.filter.CorsFilter@6848a051, org.springframework.security.web.authentication.logout.LogoutFilter@2596d7f4, org.springframework.security.web.authentication.www.BasicAuthenticationFilter@76b47204, org.springframework.security.web.savedrequest.RequestCacheAwareFilter@68ed3f30, org.springframework.security.web.servletapi.SecurityContextHolderAwareRequestFilter@7426a448, org.springframework.security.web.authentication.AnonymousAuthenticationFilter@149b0577, org.springframework.security.web.access.ExceptionTranslationFilter@6ed043d3, org.springframework.security.web.access.intercept.AuthorizationFilter@6801b414]
2026-06-13T06:50:07.429-07:00  INFO 14964 --- [           main] o.s.b.w.embedded.tomcat.TomcatWebServer  : Tomcat started on port 8080 (http) with context path '/'
2026-06-13T06:50:07.497-07:00  INFO 14964 --- [           main] c.touroperator.TourOperatorApplication   : Started TourOperatorApplication in 3.545 seconds (process running for 4.119)
2026-06-13T06:50:34.005-07:00  INFO 14964 --- [nio-8080-exec-1] o.a.c.c.C.[Tomcat].[localhost].[/]       : Initializing Spring DispatcherServlet 'dispatcherServlet'
2026-06-13T06:50:34.007-07:00  INFO 14964 --- [nio-8080-exec-1] o.s.web.servlet.DispatcherServlet        : Initializing Servlet 'dispatcherServlet'
2026-06-13T06:50:34.008-07:00  INFO 14964 --- [nio-8080-exec-1] o.s.web.servlet.DispatcherServlet        : Completed initialization in 0 ms
2026-06-13T06:50:48.114-07:00  WARN 14964 --- [nio-8080-exec-8] .w.s.m.s.DefaultHandlerExceptionResolver : Resolved [org.springframework.web.bind.MissingServletRequestParameterException: Required request parameter 'name' for method parameter type String is not present]
